<?xml version="1.0" encoding="utf-8"?><testsuites name="pytest tests"><testsuite name="pytest" errors="0" failures="1" skipped="0" tests="9" time="26.613" timestamp="2026-06-01T04:31:28.317430+00:00" hostname="agent-env-65887f0e-4585-4afa-99d2-4c17cbe06d5a"><testcase classname="backend.tests.test_enhancements.TestAIChatbot" name="test_ai_ask_first_message" time="12.355" /><testcase classname="backend.tests.test_enhancements.TestAIChatbot" name="test_ai_ask_continues_session" time="12.905" /><testcase classname="backend.tests.test_enhancements.TestAIChatbot" name="test_ai_sessions_list" time="0.144" /><testcase classname="backend.tests.test_enhancements.TestAIChatbot" name="test_ai_session_messages" time="0.109" /><testcase classname="backend.tests.test_enhancements.TestAIChatbot" name="test_ai_ask_salesperson_forbidden" time="0.108" /><testcase classname="backend.tests.test_enhancements.TestAgentLocations" name="test_returns_all_agents" time="0.121" /><testcase classname="backend.tests.test_enhancements.TestPing" name="test_ping_then_visible_with_source_ping" time="0.520"><failure message="AssertionError: expected source=ping got visit&#10;assert 'visit' == 'ping'&#10;  &#10;  - ping&#10;  + visit">backend/tests/test_enhancements.py:123: in test_ping_then_visible_with_source_ping
    assert entry["source"] == "ping", f"expected source=ping got {entry['source']}"
E   AssertionError: expected source=ping got visit
E   assert 'visit' == 'ping'
E     
E     - ping
E     + visit</failure></testcase><testcase classname="backend.tests.test_enhancements.TestReportsOverview" name="test_overview_structure" time="0.132" /><testcase classname="backend.tests.test_enhancements.TestReportsOverview" name="test_overview_salesperson_access" time="0.116" /></testsuite></testsuites>