<?xml version="1.0" encoding="utf-8"?><testsuites name="pytest tests"><testsuite name="pytest" errors="0" failures="0" skipped="0" tests="9" time="25.777" timestamp="2026-06-01T04:40:38.660308+00:00" hostname="agent-env-65887f0e-4585-4afa-99d2-4c17cbe06d5a"><testcase classname="backend.tests.test_enhancements.TestAIChatbot" name="test_ai_ask_first_message" time="12.145" /><testcase classname="backend.tests.test_enhancements.TestAIChatbot" name="test_ai_ask_continues_session" time="12.299" /><testcase classname="backend.tests.test_enhancements.TestAIChatbot" name="test_ai_sessions_list" time="0.134" /><testcase classname="backend.tests.test_enhancements.TestAIChatbot" name="test_ai_session_messages" time="0.109" /><testcase classname="backend.tests.test_enhancements.TestAIChatbot" name="test_ai_ask_salesperson_forbidden" time="0.122" /><testcase classname="backend.tests.test_enhancements.TestAgentLocations" name="test_returns_all_agents" time="0.111" /><testcase classname="backend.tests.test_enhancements.TestPing" name="test_ping_then_visible_with_source_ping" time="0.547" /><testcase classname="backend.tests.test_enhancements.TestReportsOverview" name="test_overview_structure" time="0.116" /><testcase classname="backend.tests.test_enhancements.TestReportsOverview" name="test_overview_salesperson_access" time="0.128" /></testsuite></testsuites>