<?xml version="1.0" encoding="utf-8"?><testsuites name="pytest tests"><testsuite name="pytest" errors="0" failures="0" skipped="0" tests="49" time="10.317" timestamp="2026-06-01T03:50:36.836341+00:00" hostname="agent-env-65887f0e-4585-4afa-99d2-4c17cbe06d5a"><testcase classname="backend.tests.backend_test.TestAuth" name="test_login_all_roles" time="1.852" /><testcase classname="backend.tests.backend_test.TestAuth" name="test_login_invalid" time="0.322" /><testcase classname="backend.tests.backend_test.TestAuth" name="test_me" time="0.113" /><testcase classname="backend.tests.backend_test.TestAuth" name="test_me_no_token" time="0.105" /><testcase classname="backend.tests.backend_test.TestAuth" name="test_login_sets_cookie" time="0.395" /><testcase classname="backend.tests.backend_test.TestUsers" name="test_ceo_creates_admin" time="0.502" /><testcase classname="backend.tests.backend_test.TestUsers" name="test_admin_creates_manager_and_salesperson" time="0.657" /><testcase classname="backend.tests.backend_test.TestUsers" name="test_salesperson_cannot_create_user" time="0.149" /><testcase classname="backend.tests.backend_test.TestUsers" name="test_manager_cannot_create_admin" time="0.109" /><testcase classname="backend.tests.backend_test.TestUsers" name="test_list_users_scope_salesperson" time="0.102" /><testcase classname="backend.tests.backend_test.TestUsers" name="test_list_users_scope_manager" time="0.156" /><testcase classname="backend.tests.backend_test.TestUsers" name="test_list_users_ceo_sees_all" time="0.113" /><testcase classname="backend.tests.backend_test.TestUsers" name="test_delete_non_admin_role_forbidden" time="0.198" /><testcase classname="backend.tests.backend_test.TestUsers" name="test_cleanup_created" time="0.316" /><testcase classname="backend.tests.backend_test.TestVisits" name="test_create_visit_autocaptures_sp" time="0.129" /><testcase classname="backend.tests.backend_test.TestVisits" name="test_list_visits_scope_salesperson" time="0.129" /><testcase classname="backend.tests.backend_test.TestVisits" name="test_list_visits_ceo_sees" time="0.100" /><testcase classname="backend.tests.backend_test.TestPocFollowups" name="test_create_poc" time="0.112" /><testcase classname="backend.tests.backend_test.TestPocFollowups" name="test_list_pocs" time="0.101" /><testcase classname="backend.tests.backend_test.TestPocFollowups" name="test_create_followup_overdue" time="0.140" /><testcase classname="backend.tests.backend_test.TestPocFollowups" name="test_list_followups_has_overdue_flag" time="0.164" /><testcase classname="backend.tests.backend_test.TestPocFollowups" name="test_log_followup" time="0.217" /><testcase classname="backend.tests.backend_test.TestPocFollowups" name="test_escalate_overdue_forbidden_for_salesperson" time="0.112" /><testcase classname="backend.tests.backend_test.TestPocFollowups" name="test_escalate_overdue_manager" time="0.353" /><testcase classname="backend.tests.backend_test.TestDeals" name="test_create_deal" time="0.115" /><testcase classname="backend.tests.backend_test.TestDeals" name="test_filter_by_stage_area" time="0.107" /><testcase classname="backend.tests.backend_test.TestDeals" name="test_patch_deal_increments_touchpoints_and_won_notif" time="0.223" /><testcase classname="backend.tests.backend_test.TestDeals" name="test_scope_salesperson_cannot_see_others" time="0.103" /><testcase classname="backend.tests.backend_test.TestProducts" name="test_salesperson_create_product_forbidden" time="0.104" /><testcase classname="backend.tests.backend_test.TestProducts" name="test_admin_create_product" time="0.106" /><testcase classname="backend.tests.backend_test.TestProducts" name="test_list_products" time="0.113" /><testcase classname="backend.tests.backend_test.TestProducts" name="test_patch_product" time="0.103" /><testcase classname="backend.tests.backend_test.TestProducts" name="test_delete_product" time="0.122" /><testcase classname="backend.tests.backend_test.TestBills" name="test_create_bill_no_discount" time="0.217" /><testcase classname="backend.tests.backend_test.TestBills" name="test_create_bill_with_discount_needs_approval" time="0.216" /><testcase classname="backend.tests.backend_test.TestBills" name="test_list_bills_scope" time="0.124" /><testcase classname="backend.tests.backend_test.TestDashboard" name="test_overview" time="0.106" /><testcase classname="backend.tests.backend_test.TestDashboard" name="test_performance" time="0.109" /><testcase classname="backend.tests.backend_test.TestDashboard" name="test_funnel" time="0.103" /><testcase classname="backend.tests.backend_test.TestDashboard" name="test_agent_locations_forbidden_sp" time="0.111" /><testcase classname="backend.tests.backend_test.TestDashboard" name="test_agent_locations_manager" time="0.101" /><testcase classname="backend.tests.backend_test.TestDashboard" name="test_top_products" time="0.103" /><testcase classname="backend.tests.backend_test.TestNotifications" name="test_list_notifications" time="0.123" /><testcase classname="backend.tests.backend_test.TestNotifications" name="test_mark_all_read" time="0.206" /><testcase classname="backend.tests.backend_test.TestNotifications" name="test_mark_single_read" time="0.443" /><testcase classname="backend.tests.backend_test.TestReports" name="test_reports[visits]" time="0.127" /><testcase classname="backend.tests.backend_test.TestReports" name="test_reports[bills]" time="0.105" /><testcase classname="backend.tests.backend_test.TestReports" name="test_reports[pipeline]" time="0.098" /><testcase classname="backend.tests.backend_test.TestReports" name="test_reports[pocs]" time="0.098" /></testsuite></testsuites>